<?xml version="1.0" encoding="UTF-8" standalone="no"?>
<testsuite failures="3" name="cucumber.runtime.formatter.JUnitFormatter" skipped="0" tests="17" time="263.087483">
<testcase classname="Check the operation of main links" name="The user navigates by Ria.com link to a new page" time="10.577575">
<system-out><![CDATA[Given The user on AutoRia page..............................................passed
Given The user click on Ria.com link........................................passed
When The user switch to new window..........................................passed
Then The page https://www.ria.com/ was successfully loaded..................passed
]]></system-out>
</testcase>
<testcase classname="Check the operation of main links" name="The user navigates by https://dom.ria.com/ link to a new page" time="52.981138">
<system-out><![CDATA[Given The user on AutoRia page..............................................passed
Given The user click on Dom.ria.com link....................................passed
When The user switch to new window..........................................passed
Then The page https://dom.ria.com/ was successfully loaded..................passed
]]></system-out>
</testcase>
<testcase classname="Check the operation of main links" name="The user navigates by https://market.ria.com/ link to a new page" time="8.509959">
<system-out><![CDATA[Given The user on AutoRia page..............................................passed
Given The user click on Автотовары link.....................................passed
When The user switch to new window..........................................passed
Then The page https://market.ria.com/ was successfully loaded...............passed
]]></system-out>
</testcase>
<testcase classname="Check the operation of main links" name="The user navigates by https://zapchasti.ria.com/ link to a new page" time="7.682761">
<system-out><![CDATA[Given The user on AutoRia page..............................................passed
Given The user click on Автозапчасти link...................................passed
When The user switch to new window..........................................passed
Then The page https://zapchasti.ria.com/ was successfully loaded............passed
]]></system-out>
</testcase>
<testcase classname="Check invalid authorization" name="The user can't authorization with wrong mobile number" time="19.473177">
<failure message="org.openqa.selenium.WebDriverException: unknown error: Element &lt;iframe id=&quot;login_frame&quot; src=&quot;https://auto.ria.com/iframe-ria-login/login/2/2&quot; width=&quot;350&quot; height=&quot;460&quot; frameborder=&quot;no&quot; scrolling=&quot;no&quot; cd_frame_id_=&quot;1096e1f5742267ccbd464f2706e76b16&quot;&gt;...&lt;/iframe&gt; is not clickable at point (991, 680). Other element would receive the click: &lt;div class=&quot;c-notifier-area&quot;&gt;...&lt;/div&gt;&#10;  (Session info: chrome=68.0.3440.106)&#10;  (Driver info: chromedriver=2.41.578737 (49da6702b16031c40d63e5618de03a32ff6c197e),platform=Windows NT 10.0.17134 x86_64) (WARNING: The server did not provide any stacktrace information)&#10;Command duration or timeout: 0 milliseconds&#10;Build info: version: '3.11.0', revision: 'e59cfb3', time: '2018-03-11T20:26:55.152Z'&#10;System info: host: 'EPUAVINW0145', ip: '10.24.161.110', os.name: 'Windows 10', os.arch: 'amd64', os.version: '10.0', java.version: '1.8.0_172'&#10;Driver info: org.openqa.selenium.chrome.ChromeDriver&#10;Capabilities {acceptInsecureCerts: false, acceptSslCerts: false, applicationCacheEnabled: false, browserConnectionEnabled: false, browserName: chrome, chrome: {chromedriverVersion: 2.41.578737 (49da6702b16031..., userDataDir: C:\Users\OLHA_V~1\AppData\L...}, cssSelectorsEnabled: true, databaseEnabled: false, goog:chromeOptions: {debuggerAddress: localhost:64104}, handlesAlerts: true, hasTouchScreen: false, javascriptEnabled: true, locationContextEnabled: true, mobileEmulationEnabled: false, nativeEvents: true, networkConnectionEnabled: false, pageLoadStrategy: normal, platform: XP, platformName: XP, rotatable: false, setWindowRect: true, takesHeapSnapshot: true, takesScreenshot: true, unexpectedAlertBehaviour: , unhandledPromptBehavior: , version: 68.0.3440.106, webStorageEnabled: true}&#10;Session ID: cea6f84070ecf5546568143421df87bd&#13;&#10;&#9;at sun.reflect.NativeConstructorAccessorImpl.newInstance0(Native Method)&#13;&#10;&#9;at sun.reflect.NativeConstructorAccessorImpl.newInstance(NativeConstructorAccessorImpl.java:62)&#13;&#10;&#9;at sun.reflect.DelegatingConstructorAccessorImpl.newInstance(DelegatingConstructorAccessorImpl.java:45)&#13;&#10;&#9;at java.lang.reflect.Constructor.newInstance(Constructor.java:423)&#13;&#10;&#9;at org.openqa.selenium.remote.ErrorHandler.createThrowable(ErrorHandler.java:214)&#13;&#10;&#9;at org.openqa.selenium.remote.ErrorHandler.throwIfResponseFailed(ErrorHandler.java:166)&#13;&#10;&#9;at org.openqa.selenium.remote.http.JsonHttpResponseCodec.reconstructValue(JsonHttpResponseCodec.java:40)&#13;&#10;&#9;at org.openqa.selenium.remote.http.AbstractHttpResponseCodec.decode(AbstractHttpResponseCodec.java:80)&#13;&#10;&#9;at org.openqa.selenium.remote.http.AbstractHttpResponseCodec.decode(AbstractHttpResponseCodec.java:44)&#13;&#10;&#9;at org.openqa.selenium.remote.HttpCommandExecutor.execute(HttpCommandExecutor.java:158)&#13;&#10;&#9;at org.openqa.selenium.remote.service.DriverCommandExecutor.execute(DriverCommandExecutor.java:83)&#13;&#10;&#9;at org.openqa.selenium.remote.RemoteWebDriver.execute(RemoteWebDriver.java:545)&#13;&#10;&#9;at org.openqa.selenium.remote.RemoteWebElement.execute(RemoteWebElement.java:279)&#13;&#10;&#9;at org.openqa.selenium.remote.RemoteWebElement.click(RemoteWebElement.java:83)&#13;&#10;&#9;at sun.reflect.NativeMethodAccessorImpl.invoke0(Native Method)&#13;&#10;&#9;at sun.reflect.NativeMethodAccessorImpl.invoke(NativeMethodAccessorImpl.java:62)&#13;&#10;&#9;at sun.reflect.DelegatingMethodAccessorImpl.invoke(DelegatingMethodAccessorImpl.java:43)&#13;&#10;&#9;at java.lang.reflect.Method.invoke(Method.java:498)&#13;&#10;&#9;at org.openqa.selenium.support.pagefactory.internal.LocatingElementHandler.invoke(LocatingElementHandler.java:51)&#13;&#10;&#9;at com.sun.proxy.$Proxy20.click(Unknown Source)&#13;&#10;&#9;at pages.MainPageLogin.clickOnRegister(MainPageLogin.java:49)&#13;&#10;&#9;at stepdef.LoginStepDef.theUserClickOnSignUpLink(LoginStepDef.java:22)&#13;&#10;&#9;at ✽.And The user click on Sign up link(login.feature:6)&#13;&#10;"><![CDATA[Given The user on AutoRia page..............................................passed
When The user click on Login link...........................................passed
And The user click on Sign up link..........................................failed
And The user enters the wrong telephone = "0326j79" number..................skipped
And The user clicks on submit button........................................skipped
Then The user watches the error message on the screen.......................skipped

StackTrace:
org.openqa.selenium.WebDriverException: unknown error: Element <iframe id="login_frame" src="https://auto.ria.com/iframe-ria-login/login/2/2" width="350" height="460" frameborder="no" scrolling="no" cd_frame_id_="1096e1f5742267ccbd464f2706e76b16">...</iframe> is not clickable at point (991, 680). Other element would receive the click: <div class="c-notifier-area">...</div>
  (Session info: chrome=68.0.3440.106)
  (Driver info: chromedriver=2.41.578737 (49da6702b16031c40d63e5618de03a32ff6c197e),platform=Windows NT 10.0.17134 x86_64) (WARNING: The server did not provide any stacktrace information)
Command duration or timeout: 0 milliseconds
Build info: version: '3.11.0', revision: 'e59cfb3', time: '2018-03-11T20:26:55.152Z'
System info: host: 'EPUAVINW0145', ip: '10.24.161.110', os.name: 'Windows 10', os.arch: 'amd64', os.version: '10.0', java.version: '1.8.0_172'
Driver info: org.openqa.selenium.chrome.ChromeDriver
Capabilities {acceptInsecureCerts: false, acceptSslCerts: false, applicationCacheEnabled: false, browserConnectionEnabled: false, browserName: chrome, chrome: {chromedriverVersion: 2.41.578737 (49da6702b16031..., userDataDir: C:\Users\OLHA_V~1\AppData\L...}, cssSelectorsEnabled: true, databaseEnabled: false, goog:chromeOptions: {debuggerAddress: localhost:64104}, handlesAlerts: true, hasTouchScreen: false, javascriptEnabled: true, locationContextEnabled: true, mobileEmulationEnabled: false, nativeEvents: true, networkConnectionEnabled: false, pageLoadStrategy: normal, platform: XP, platformName: XP, rotatable: false, setWindowRect: true, takesHeapSnapshot: true, takesScreenshot: true, unexpectedAlertBehaviour: , unhandledPromptBehavior: , version: 68.0.3440.106, webStorageEnabled: true}
Session ID: cea6f84070ecf5546568143421df87bd
	at sun.reflect.NativeConstructorAccessorImpl.newInstance0(Native Method)
	at sun.reflect.NativeConstructorAccessorImpl.newInstance(NativeConstructorAccessorImpl.java:62)
	at sun.reflect.DelegatingConstructorAccessorImpl.newInstance(DelegatingConstructorAccessorImpl.java:45)
	at java.lang.reflect.Constructor.newInstance(Constructor.java:423)
	at org.openqa.selenium.remote.ErrorHandler.createThrowable(ErrorHandler.java:214)
	at org.openqa.selenium.remote.ErrorHandler.throwIfResponseFailed(ErrorHandler.java:166)
	at org.openqa.selenium.remote.http.JsonHttpResponseCodec.reconstructValue(JsonHttpResponseCodec.java:40)
	at org.openqa.selenium.remote.http.AbstractHttpResponseCodec.decode(AbstractHttpResponseCodec.java:80)
	at org.openqa.selenium.remote.http.AbstractHttpResponseCodec.decode(AbstractHttpResponseCodec.java:44)
	at org.openqa.selenium.remote.HttpCommandExecutor.execute(HttpCommandExecutor.java:158)
	at org.openqa.selenium.remote.service.DriverCommandExecutor.execute(DriverCommandExecutor.java:83)
	at org.openqa.selenium.remote.RemoteWebDriver.execute(RemoteWebDriver.java:545)
	at org.openqa.selenium.remote.RemoteWebElement.execute(RemoteWebElement.java:279)
	at org.openqa.selenium.remote.RemoteWebElement.click(RemoteWebElement.java:83)
	at sun.reflect.NativeMethodAccessorImpl.invoke0(Native Method)
	at sun.reflect.NativeMethodAccessorImpl.invoke(NativeMethodAccessorImpl.java:62)
	at sun.reflect.DelegatingMethodAccessorImpl.invoke(DelegatingMethodAccessorImpl.java:43)
	at java.lang.reflect.Method.invoke(Method.java:498)
	at org.openqa.selenium.support.pagefactory.internal.LocatingElementHandler.invoke(LocatingElementHandler.java:51)
	at com.sun.proxy.$Proxy20.click(Unknown Source)
	at pages.MainPageLogin.clickOnRegister(MainPageLogin.java:49)
	at stepdef.LoginStepDef.theUserClickOnSignUpLink(LoginStepDef.java:22)
	at ✽.And The user click on Sign up link(login.feature:6)
]]></failure>
</testcase>
<testcase classname="Verification of the search results" name="The search results correspond to the specified parameters: brand and mark of the car" time="12.369796">
<system-out><![CDATA[Given The user on AutoRia page..............................................passed
When The user enters the car brand "Audi",mark of the car"100" in the search form.passed
And The user clicks on search button........................................passed
Then The user sees that results of search match the specified search parameters  car brand"Audi" mark of the car"100".passed
]]></system-out>
</testcase>
<testcase classname="Verification of the search results" name="The search results correspond to the specified parameters: brand and mark of the car 2" time="13.944684">
<system-out><![CDATA[Given The user on AutoRia page..............................................passed
When The user enters the car brand "BMW",mark of the car"X5" in the search form.passed
And The user clicks on search button........................................passed
Then The user sees that results of search match the specified search parameters  car brand"BMW" mark of the car"X5".passed
]]></system-out>
</testcase>
<testcase classname="Verification of the search results" name="The search results correspond to the specified parameters: brand and mark of the car 3" time="11.890138">
<system-out><![CDATA[Given The user on AutoRia page..............................................passed
When The user enters the car brand "Honda",mark of the car"Civic" in the search form.passed
And The user clicks on search button........................................passed
Then The user sees that results of search match the specified search parameters  car brand"Honda" mark of the car"Civic".passed
]]></system-out>
</testcase>
<testcase classname="Verification of the search results" name="The search results correspond to the specified parameters: year of the car" time="11.696926">
<system-out><![CDATA[Given The user on AutoRia page..............................................passed
When The user enters the year from "2002",year to "2009" in the search form.passed
And The user clicks on search button........................................passed
Then The user sees that results of search match the specified search parameters year from"2002"  year to"2009".passed
]]></system-out>
</testcase>
<testcase classname="Verification of the search results" name="The search results correspond to the specified parameters: year of the car 2" time="19.302406">
<system-out><![CDATA[Given The user on AutoRia page..............................................passed
When The user enters the year from "2010",year to "2014" in the search form.passed
And The user clicks on search button........................................passed
Then The user sees that results of search match the specified search parameters year from"2010"  year to"2014".passed
]]></system-out>
</testcase>
<testcase classname="Verification of the search results" name="The search results correspond to the specified parameters: year of the car 3" time="11.792683">
<system-out><![CDATA[Given The user on AutoRia page..............................................passed
When The user enters the year from "2015",year to "2018" in the search form.passed
And The user clicks on search button........................................passed
Then The user sees that results of search match the specified search parameters year from"2015"  year to"2018".passed
]]></system-out>
</testcase>
<testcase classname="Verification of the search results" name="The search results correspond to the specified parameters: price of the car" time="4.1772">
<failure message="org.openqa.selenium.WebDriverException: unknown error: failed to change window state to maximized, current state is minimized&#10;  (Session info: chrome=68.0.3440.106)&#10;  (Driver info: chromedriver=2.41.578737 (49da6702b16031c40d63e5618de03a32ff6c197e),platform=Windows NT 10.0.17134 x86_64) (WARNING: The server did not provide any stacktrace information)&#10;Command duration or timeout: 0 milliseconds&#10;Build info: version: '3.11.0', revision: 'e59cfb3', time: '2018-03-11T20:26:55.152Z'&#10;System info: host: 'EPUAVINW0145', ip: '10.24.161.110', os.name: 'Windows 10', os.arch: 'amd64', os.version: '10.0', java.version: '1.8.0_172'&#10;Driver info: org.openqa.selenium.chrome.ChromeDriver&#10;Capabilities {acceptInsecureCerts: false, acceptSslCerts: false, applicationCacheEnabled: false, browserConnectionEnabled: false, browserName: chrome, chrome: {chromedriverVersion: 2.41.578737 (49da6702b16031..., userDataDir: C:\Users\OLHA_V~1\AppData\L...}, cssSelectorsEnabled: true, databaseEnabled: false, goog:chromeOptions: {debuggerAddress: localhost:65062}, handlesAlerts: true, hasTouchScreen: false, javascriptEnabled: true, locationContextEnabled: true, mobileEmulationEnabled: false, nativeEvents: true, networkConnectionEnabled: false, pageLoadStrategy: normal, platform: XP, platformName: XP, rotatable: false, setWindowRect: true, takesHeapSnapshot: true, takesScreenshot: true, unexpectedAlertBehaviour: , unhandledPromptBehavior: , version: 68.0.3440.106, webStorageEnabled: true}&#10;Session ID: dc5c74fc2a37316ac28d0cf5a39d8cd7&#13;&#10;&#9;at sun.reflect.NativeConstructorAccessorImpl.newInstance0(Native Method)&#13;&#10;&#9;at sun.reflect.NativeConstructorAccessorImpl.newInstance(NativeConstructorAccessorImpl.java:62)&#13;&#10;&#9;at sun.reflect.DelegatingConstructorAccessorImpl.newInstance(DelegatingConstructorAccessorImpl.java:45)&#13;&#10;&#9;at java.lang.reflect.Constructor.newInstance(Constructor.java:423)&#13;&#10;&#9;at org.openqa.selenium.remote.ErrorHandler.createThrowable(ErrorHandler.java:214)&#13;&#10;&#9;at org.openqa.selenium.remote.ErrorHandler.throwIfResponseFailed(ErrorHandler.java:166)&#13;&#10;&#9;at org.openqa.selenium.remote.http.JsonHttpResponseCodec.reconstructValue(JsonHttpResponseCodec.java:40)&#13;&#10;&#9;at org.openqa.selenium.remote.http.AbstractHttpResponseCodec.decode(AbstractHttpResponseCodec.java:80)&#13;&#10;&#9;at org.openqa.selenium.remote.http.AbstractHttpResponseCodec.decode(AbstractHttpResponseCodec.java:44)&#13;&#10;&#9;at org.openqa.selenium.remote.HttpCommandExecutor.execute(HttpCommandExecutor.java:158)&#13;&#10;&#9;at org.openqa.selenium.remote.service.DriverCommandExecutor.execute(DriverCommandExecutor.java:83)&#13;&#10;&#9;at org.openqa.selenium.remote.RemoteWebDriver.execute(RemoteWebDriver.java:545)&#13;&#10;&#9;at org.openqa.selenium.remote.RemoteWebDriver.execute(RemoteWebDriver.java:602)&#13;&#10;&#9;at org.openqa.selenium.remote.RemoteWebDriver$RemoteWebDriverOptions$RemoteWindow.maximize(RemoteWebDriver.java:836)&#13;&#10;&#9;at config.DriverManager.getDriver(DriverManager.java:33)&#13;&#10;&#9;at stepdef.Hooks.openPage(Hooks.java:18)&#13;&#10;&#9;at sun.reflect.NativeMethodAccessorImpl.invoke0(Native Method)&#13;&#10;&#9;at sun.reflect.NativeMethodAccessorImpl.invoke(NativeMethodAccessorImpl.java:62)&#13;&#10;&#9;at sun.reflect.DelegatingMethodAccessorImpl.invoke(DelegatingMethodAccessorImpl.java:43)&#13;&#10;&#9;at java.lang.reflect.Method.invoke(Method.java:498)&#13;&#10;&#9;at cucumber.runtime.Utils$1.call(Utils.java:40)&#13;&#10;&#9;at cucumber.runtime.Timeout.timeout(Timeout.java:16)&#13;&#10;&#9;at cucumber.runtime.Utils.invoke(Utils.java:34)&#13;&#10;&#9;at cucumber.runtime.java.JavaHookDefinition.execute(JavaHookDefinition.java:60)&#13;&#10;&#9;at cucumber.runtime.Runtime.runHookIfTagsMatch(Runtime.java:224)&#13;&#10;&#9;at cucumber.runtime.Runtime.runHooks(Runtime.java:212)&#13;&#10;&#9;at cucumber.runtime.Runtime.runBeforeHooks(Runtime.java:202)&#13;&#10;&#9;at cucumber.runtime.model.CucumberScenario.run(CucumberScenario.java:40)&#13;&#10;&#9;at cucumber.runtime.model.CucumberScenarioOutline.run(CucumberScenarioOutline.java:46)&#13;&#10;&#9;at cucumber.runtime.model.CucumberFeature.run(CucumberFeature.java:165)&#13;&#10;&#9;at cucumber.api.testng.TestNGCucumberRunner.runCucumber(TestNGCucumberRunner.java:63)&#13;&#10;&#9;at cucumber.api.testng.AbstractTestNGCucumberTests.feature(AbstractTestNGCucumberTests.java:21)&#13;&#10;&#9;at sun.reflect.NativeMethodAccessorImpl.invoke0(Native Method)&#13;&#10;&#9;at sun.reflect.NativeMethodAccessorImpl.invoke(NativeMethodAccessorImpl.java:62)&#13;&#10;&#9;at sun.reflect.DelegatingMethodAccessorImpl.invoke(DelegatingMethodAccessorImpl.java:43)&#13;&#10;&#9;at java.lang.reflect.Method.invoke(Method.java:498)&#13;&#10;&#9;at org.testng.internal.MethodInvocationHelper.invokeMethod(MethodInvocationHelper.java:124)&#13;&#10;&#9;at org.testng.internal.Invoker.invokeMethod(Invoker.java:583)&#13;&#10;&#9;at org.testng.internal.Invoker.invokeTestMethod(Invoker.java:719)&#13;&#10;&#9;at org.testng.internal.Invoker.invokeTestMethods(Invoker.java:989)&#13;&#10;&#9;at org.testng.internal.TestMethodWorker.invokeTestMethods(TestMethodWorker.java:125)&#13;&#10;&#9;at org.testng.internal.TestMethodWorker.run(TestMethodWorker.java:109)&#13;&#10;&#9;at org.testng.TestRunner.privateRun(TestRunner.java:648)&#13;&#10;&#9;at org.testng.TestRunner.run(TestRunner.java:505)&#13;&#10;&#9;at org.testng.SuiteRunner.runTest(SuiteRunner.java:455)&#13;&#10;&#9;at org.testng.SuiteRunner.runSequentially(SuiteRunner.java:450)&#13;&#10;&#9;at org.testng.SuiteRunner.privateRun(SuiteRunner.java:415)&#13;&#10;&#9;at org.testng.SuiteRunner.run(SuiteRunner.java:364)&#13;&#10;&#9;at org.testng.SuiteRunnerWorker.runSuite(SuiteRunnerWorker.java:52)&#13;&#10;&#9;at org.testng.SuiteRunnerWorker.run(SuiteRunnerWorker.java:84)&#13;&#10;&#9;at org.testng.TestNG.runSuitesSequentially(TestNG.java:1208)&#13;&#10;&#9;at org.testng.TestNG.runSuitesLocally(TestNG.java:1137)&#13;&#10;&#9;at org.testng.TestNG.runSuites(TestNG.java:1049)&#13;&#10;&#9;at org.testng.TestNG.run(TestNG.java:1017)&#13;&#10;&#9;at org.testng.IDEARemoteTestNG.run(IDEARemoteTestNG.java:72)&#13;&#10;&#9;at org.testng.RemoteTestNGStarter.main(RemoteTestNGStarter.java:123)&#13;&#10;"><![CDATA[Given The user on AutoRia page..............................................skipped
When The user enters the price from "0",price to "9999" in the search form..skipped
And The user clicks on search button........................................skipped
Then The user sees that results of search match the specified search parameters price from "0" price to"9999".skipped

StackTrace:
org.openqa.selenium.WebDriverException: unknown error: failed to change window state to maximized, current state is minimized
  (Session info: chrome=68.0.3440.106)
  (Driver info: chromedriver=2.41.578737 (49da6702b16031c40d63e5618de03a32ff6c197e),platform=Windows NT 10.0.17134 x86_64) (WARNING: The server did not provide any stacktrace information)
Command duration or timeout: 0 milliseconds
Build info: version: '3.11.0', revision: 'e59cfb3', time: '2018-03-11T20:26:55.152Z'
System info: host: 'EPUAVINW0145', ip: '10.24.161.110', os.name: 'Windows 10', os.arch: 'amd64', os.version: '10.0', java.version: '1.8.0_172'
Driver info: org.openqa.selenium.chrome.ChromeDriver
Capabilities {acceptInsecureCerts: false, acceptSslCerts: false, applicationCacheEnabled: false, browserConnectionEnabled: false, browserName: chrome, chrome: {chromedriverVersion: 2.41.578737 (49da6702b16031..., userDataDir: C:\Users\OLHA_V~1\AppData\L...}, cssSelectorsEnabled: true, databaseEnabled: false, goog:chromeOptions: {debuggerAddress: localhost:65062}, handlesAlerts: true, hasTouchScreen: false, javascriptEnabled: true, locationContextEnabled: true, mobileEmulationEnabled: false, nativeEvents: true, networkConnectionEnabled: false, pageLoadStrategy: normal, platform: XP, platformName: XP, rotatable: false, setWindowRect: true, takesHeapSnapshot: true, takesScreenshot: true, unexpectedAlertBehaviour: , unhandledPromptBehavior: , version: 68.0.3440.106, webStorageEnabled: true}
Session ID: dc5c74fc2a37316ac28d0cf5a39d8cd7
	at sun.reflect.NativeConstructorAccessorImpl.newInstance0(Native Method)
	at sun.reflect.NativeConstructorAccessorImpl.newInstance(NativeConstructorAccessorImpl.java:62)
	at sun.reflect.DelegatingConstructorAccessorImpl.newInstance(DelegatingConstructorAccessorImpl.java:45)
	at java.lang.reflect.Constructor.newInstance(Constructor.java:423)
	at org.openqa.selenium.remote.ErrorHandler.createThrowable(ErrorHandler.java:214)
	at org.openqa.selenium.remote.ErrorHandler.throwIfResponseFailed(ErrorHandler.java:166)
	at org.openqa.selenium.remote.http.JsonHttpResponseCodec.reconstructValue(JsonHttpResponseCodec.java:40)
	at org.openqa.selenium.remote.http.AbstractHttpResponseCodec.decode(AbstractHttpResponseCodec.java:80)
	at org.openqa.selenium.remote.http.AbstractHttpResponseCodec.decode(AbstractHttpResponseCodec.java:44)
	at org.openqa.selenium.remote.HttpCommandExecutor.execute(HttpCommandExecutor.java:158)
	at org.openqa.selenium.remote.service.DriverCommandExecutor.execute(DriverCommandExecutor.java:83)
	at org.openqa.selenium.remote.RemoteWebDriver.execute(RemoteWebDriver.java:545)
	at org.openqa.selenium.remote.RemoteWebDriver.execute(RemoteWebDriver.java:602)
	at org.openqa.selenium.remote.RemoteWebDriver$RemoteWebDriverOptions$RemoteWindow.maximize(RemoteWebDriver.java:836)
	at config.DriverManager.getDriver(DriverManager.java:33)
	at stepdef.Hooks.openPage(Hooks.java:18)
	at sun.reflect.NativeMethodAccessorImpl.invoke0(Native Method)
	at sun.reflect.NativeMethodAccessorImpl.invoke(NativeMethodAccessorImpl.java:62)
	at sun.reflect.DelegatingMethodAccessorImpl.invoke(DelegatingMethodAccessorImpl.java:43)
	at java.lang.reflect.Method.invoke(Method.java:498)
	at cucumber.runtime.Utils$1.call(Utils.java:40)
	at cucumber.runtime.Timeout.timeout(Timeout.java:16)
	at cucumber.runtime.Utils.invoke(Utils.java:34)
	at cucumber.runtime.java.JavaHookDefinition.execute(JavaHookDefinition.java:60)
	at cucumber.runtime.Runtime.runHookIfTagsMatch(Runtime.java:224)
	at cucumber.runtime.Runtime.runHooks(Runtime.java:212)
	at cucumber.runtime.Runtime.runBeforeHooks(Runtime.java:202)
	at cucumber.runtime.model.CucumberScenario.run(CucumberScenario.java:40)
	at cucumber.runtime.model.CucumberScenarioOutline.run(CucumberScenarioOutline.java:46)
	at cucumber.runtime.model.CucumberFeature.run(CucumberFeature.java:165)
	at cucumber.api.testng.TestNGCucumberRunner.runCucumber(TestNGCucumberRunner.java:63)
	at cucumber.api.testng.AbstractTestNGCucumberTests.feature(AbstractTestNGCucumberTests.java:21)
	at sun.reflect.NativeMethodAccessorImpl.invoke0(Native Method)
	at sun.reflect.NativeMethodAccessorImpl.invoke(NativeMethodAccessorImpl.java:62)
	at sun.reflect.DelegatingMethodAccessorImpl.invoke(DelegatingMethodAccessorImpl.java:43)
	at java.lang.reflect.Method.invoke(Method.java:498)
	at org.testng.internal.MethodInvocationHelper.invokeMethod(MethodInvocationHelper.java:124)
	at org.testng.internal.Invoker.invokeMethod(Invoker.java:583)
	at org.testng.internal.Invoker.invokeTestMethod(Invoker.java:719)
	at org.testng.internal.Invoker.invokeTestMethods(Invoker.java:989)
	at org.testng.internal.TestMethodWorker.invokeTestMethods(TestMethodWorker.java:125)
	at org.testng.internal.TestMethodWorker.run(TestMethodWorker.java:109)
	at org.testng.TestRunner.privateRun(TestRunner.java:648)
	at org.testng.TestRunner.run(TestRunner.java:505)
	at org.testng.SuiteRunner.runTest(SuiteRunner.java:455)
	at org.testng.SuiteRunner.runSequentially(SuiteRunner.java:450)
	at org.testng.SuiteRunner.privateRun(SuiteRunner.java:415)
	at org.testng.SuiteRunner.run(SuiteRunner.java:364)
	at org.testng.SuiteRunnerWorker.runSuite(SuiteRunnerWorker.java:52)
	at org.testng.SuiteRunnerWorker.run(SuiteRunnerWorker.java:84)
	at org.testng.TestNG.runSuitesSequentially(TestNG.java:1208)
	at org.testng.TestNG.runSuitesLocally(TestNG.java:1137)
	at org.testng.TestNG.runSuites(TestNG.java:1049)
	at org.testng.TestNG.run(TestNG.java:1017)
	at org.testng.IDEARemoteTestNG.run(IDEARemoteTestNG.java:72)
	at org.testng.RemoteTestNGStarter.main(RemoteTestNGStarter.java:123)
]]></failure>
</testcase>
<testcase classname="Verification of the search results" name="The search results correspond to the specified parameters: price of the car 2" time="11.707089">
<system-out><![CDATA[Given The user on AutoRia page..............................................passed
When The user enters the price from "10000",price to "49999" in the search form.passed
And The user clicks on search button........................................passed
Then The user sees that results of search match the specified search parameters price from "10000" price to"49999".passed
]]></system-out>
</testcase>
<testcase classname="Verification of the search results" name="The search results correspond to the specified parameters: price of the car 3" time="4.132692">
<failure message="org.openqa.selenium.WebDriverException: unknown error: failed to change window state to maximized, current state is normal&#10;  (Session info: chrome=68.0.3440.106)&#10;  (Driver info: chromedriver=2.41.578737 (49da6702b16031c40d63e5618de03a32ff6c197e),platform=Windows NT 10.0.17134 x86_64) (WARNING: The server did not provide any stacktrace information)&#10;Command duration or timeout: 0 milliseconds&#10;Build info: version: '3.11.0', revision: 'e59cfb3', time: '2018-03-11T20:26:55.152Z'&#10;System info: host: 'EPUAVINW0145', ip: '10.24.161.110', os.name: 'Windows 10', os.arch: 'amd64', os.version: '10.0', java.version: '1.8.0_172'&#10;Driver info: org.openqa.selenium.chrome.ChromeDriver&#10;Capabilities {acceptInsecureCerts: false, acceptSslCerts: false, applicationCacheEnabled: false, browserConnectionEnabled: false, browserName: chrome, chrome: {chromedriverVersion: 2.41.578737 (49da6702b16031..., userDataDir: C:\Users\OLHA_V~1\AppData\L...}, cssSelectorsEnabled: true, databaseEnabled: false, goog:chromeOptions: {debuggerAddress: localhost:65233}, handlesAlerts: true, hasTouchScreen: false, javascriptEnabled: true, locationContextEnabled: true, mobileEmulationEnabled: false, nativeEvents: true, networkConnectionEnabled: false, pageLoadStrategy: normal, platform: XP, platformName: XP, rotatable: false, setWindowRect: true, takesHeapSnapshot: true, takesScreenshot: true, unexpectedAlertBehaviour: , unhandledPromptBehavior: , version: 68.0.3440.106, webStorageEnabled: true}&#10;Session ID: b201320d9212bce903c6faff349fb3ec&#13;&#10;&#9;at sun.reflect.NativeConstructorAccessorImpl.newInstance0(Native Method)&#13;&#10;&#9;at sun.reflect.NativeConstructorAccessorImpl.newInstance(NativeConstructorAccessorImpl.java:62)&#13;&#10;&#9;at sun.reflect.DelegatingConstructorAccessorImpl.newInstance(DelegatingConstructorAccessorImpl.java:45)&#13;&#10;&#9;at java.lang.reflect.Constructor.newInstance(Constructor.java:423)&#13;&#10;&#9;at org.openqa.selenium.remote.ErrorHandler.createThrowable(ErrorHandler.java:214)&#13;&#10;&#9;at org.openqa.selenium.remote.ErrorHandler.throwIfResponseFailed(ErrorHandler.java:166)&#13;&#10;&#9;at org.openqa.selenium.remote.http.JsonHttpResponseCodec.reconstructValue(JsonHttpResponseCodec.java:40)&#13;&#10;&#9;at org.openqa.selenium.remote.http.AbstractHttpResponseCodec.decode(AbstractHttpResponseCodec.java:80)&#13;&#10;&#9;at org.openqa.selenium.remote.http.AbstractHttpResponseCodec.decode(AbstractHttpResponseCodec.java:44)&#13;&#10;&#9;at org.openqa.selenium.remote.HttpCommandExecutor.execute(HttpCommandExecutor.java:158)&#13;&#10;&#9;at org.openqa.selenium.remote.service.DriverCommandExecutor.execute(DriverCommandExecutor.java:83)&#13;&#10;&#9;at org.openqa.selenium.remote.RemoteWebDriver.execute(RemoteWebDriver.java:545)&#13;&#10;&#9;at org.openqa.selenium.remote.RemoteWebDriver.execute(RemoteWebDriver.java:602)&#13;&#10;&#9;at org.openqa.selenium.remote.RemoteWebDriver$RemoteWebDriverOptions$RemoteWindow.maximize(RemoteWebDriver.java:836)&#13;&#10;&#9;at config.DriverManager.getDriver(DriverManager.java:33)&#13;&#10;&#9;at stepdef.Hooks.openPage(Hooks.java:18)&#13;&#10;&#9;at sun.reflect.NativeMethodAccessorImpl.invoke0(Native Method)&#13;&#10;&#9;at sun.reflect.NativeMethodAccessorImpl.invoke(NativeMethodAccessorImpl.java:62)&#13;&#10;&#9;at sun.reflect.DelegatingMethodAccessorImpl.invoke(DelegatingMethodAccessorImpl.java:43)&#13;&#10;&#9;at java.lang.reflect.Method.invoke(Method.java:498)&#13;&#10;&#9;at cucumber.runtime.Utils$1.call(Utils.java:40)&#13;&#10;&#9;at cucumber.runtime.Timeout.timeout(Timeout.java:16)&#13;&#10;&#9;at cucumber.runtime.Utils.invoke(Utils.java:34)&#13;&#10;&#9;at cucumber.runtime.java.JavaHookDefinition.execute(JavaHookDefinition.java:60)&#13;&#10;&#9;at cucumber.runtime.Runtime.runHookIfTagsMatch(Runtime.java:224)&#13;&#10;&#9;at cucumber.runtime.Runtime.runHooks(Runtime.java:212)&#13;&#10;&#9;at cucumber.runtime.Runtime.runBeforeHooks(Runtime.java:202)&#13;&#10;&#9;at cucumber.runtime.model.CucumberScenario.run(CucumberScenario.java:40)&#13;&#10;&#9;at cucumber.runtime.model.CucumberScenarioOutline.run(CucumberScenarioOutline.java:46)&#13;&#10;&#9;at cucumber.runtime.model.CucumberFeature.run(CucumberFeature.java:165)&#13;&#10;&#9;at cucumber.api.testng.TestNGCucumberRunner.runCucumber(TestNGCucumberRunner.java:63)&#13;&#10;&#9;at cucumber.api.testng.AbstractTestNGCucumberTests.feature(AbstractTestNGCucumberTests.java:21)&#13;&#10;&#9;at sun.reflect.NativeMethodAccessorImpl.invoke0(Native Method)&#13;&#10;&#9;at sun.reflect.NativeMethodAccessorImpl.invoke(NativeMethodAccessorImpl.java:62)&#13;&#10;&#9;at sun.reflect.DelegatingMethodAccessorImpl.invoke(DelegatingMethodAccessorImpl.java:43)&#13;&#10;&#9;at java.lang.reflect.Method.invoke(Method.java:498)&#13;&#10;&#9;at org.testng.internal.MethodInvocationHelper.invokeMethod(MethodInvocationHelper.java:124)&#13;&#10;&#9;at org.testng.internal.Invoker.invokeMethod(Invoker.java:583)&#13;&#10;&#9;at org.testng.internal.Invoker.invokeTestMethod(Invoker.java:719)&#13;&#10;&#9;at org.testng.internal.Invoker.invokeTestMethods(Invoker.java:989)&#13;&#10;&#9;at org.testng.internal.TestMethodWorker.invokeTestMethods(TestMethodWorker.java:125)&#13;&#10;&#9;at org.testng.internal.TestMethodWorker.run(TestMethodWorker.java:109)&#13;&#10;&#9;at org.testng.TestRunner.privateRun(TestRunner.java:648)&#13;&#10;&#9;at org.testng.TestRunner.run(TestRunner.java:505)&#13;&#10;&#9;at org.testng.SuiteRunner.runTest(SuiteRunner.java:455)&#13;&#10;&#9;at org.testng.SuiteRunner.runSequentially(SuiteRunner.java:450)&#13;&#10;&#9;at org.testng.SuiteRunner.privateRun(SuiteRunner.java:415)&#13;&#10;&#9;at org.testng.SuiteRunner.run(SuiteRunner.java:364)&#13;&#10;&#9;at org.testng.SuiteRunnerWorker.runSuite(SuiteRunnerWorker.java:52)&#13;&#10;&#9;at org.testng.SuiteRunnerWorker.run(SuiteRunnerWorker.java:84)&#13;&#10;&#9;at org.testng.TestNG.runSuitesSequentially(TestNG.java:1208)&#13;&#10;&#9;at org.testng.TestNG.runSuitesLocally(TestNG.java:1137)&#13;&#10;&#9;at org.testng.TestNG.runSuites(TestNG.java:1049)&#13;&#10;&#9;at org.testng.TestNG.run(TestNG.java:1017)&#13;&#10;&#9;at org.testng.IDEARemoteTestNG.run(IDEARemoteTestNG.java:72)&#13;&#10;&#9;at org.testng.RemoteTestNGStarter.main(RemoteTestNGStarter.java:123)&#13;&#10;"><![CDATA[Given The user on AutoRia page..............................................skipped
When The user enters the price from "50000",price to "100000" in the search form.skipped
And The user clicks on search button........................................skipped
Then The user sees that results of search match the specified search parameters price from "50000" price to"100000".skipped

StackTrace:
org.openqa.selenium.WebDriverException: unknown error: failed to change window state to maximized, current state is normal
  (Session info: chrome=68.0.3440.106)
  (Driver info: chromedriver=2.41.578737 (49da6702b16031c40d63e5618de03a32ff6c197e),platform=Windows NT 10.0.17134 x86_64) (WARNING: The server did not provide any stacktrace information)
Command duration or timeout: 0 milliseconds
Build info: version: '3.11.0', revision: 'e59cfb3', time: '2018-03-11T20:26:55.152Z'
System info: host: 'EPUAVINW0145', ip: '10.24.161.110', os.name: 'Windows 10', os.arch: 'amd64', os.version: '10.0', java.version: '1.8.0_172'
Driver info: org.openqa.selenium.chrome.ChromeDriver
Capabilities {acceptInsecureCerts: false, acceptSslCerts: false, applicationCacheEnabled: false, browserConnectionEnabled: false, browserName: chrome, chrome: {chromedriverVersion: 2.41.578737 (49da6702b16031..., userDataDir: C:\Users\OLHA_V~1\AppData\L...}, cssSelectorsEnabled: true, databaseEnabled: false, goog:chromeOptions: {debuggerAddress: localhost:65233}, handlesAlerts: true, hasTouchScreen: false, javascriptEnabled: true, locationContextEnabled: true, mobileEmulationEnabled: false, nativeEvents: true, networkConnectionEnabled: false, pageLoadStrategy: normal, platform: XP, platformName: XP, rotatable: false, setWindowRect: true, takesHeapSnapshot: true, takesScreenshot: true, unexpectedAlertBehaviour: , unhandledPromptBehavior: , version: 68.0.3440.106, webStorageEnabled: true}
Session ID: b201320d9212bce903c6faff349fb3ec
	at sun.reflect.NativeConstructorAccessorImpl.newInstance0(Native Method)
	at sun.reflect.NativeConstructorAccessorImpl.newInstance(NativeConstructorAccessorImpl.java:62)
	at sun.reflect.DelegatingConstructorAccessorImpl.newInstance(DelegatingConstructorAccessorImpl.java:45)
	at java.lang.reflect.Constructor.newInstance(Constructor.java:423)
	at org.openqa.selenium.remote.ErrorHandler.createThrowable(ErrorHandler.java:214)
	at org.openqa.selenium.remote.ErrorHandler.throwIfResponseFailed(ErrorHandler.java:166)
	at org.openqa.selenium.remote.http.JsonHttpResponseCodec.reconstructValue(JsonHttpResponseCodec.java:40)
	at org.openqa.selenium.remote.http.AbstractHttpResponseCodec.decode(AbstractHttpResponseCodec.java:80)
	at org.openqa.selenium.remote.http.AbstractHttpResponseCodec.decode(AbstractHttpResponseCodec.java:44)
	at org.openqa.selenium.remote.HttpCommandExecutor.execute(HttpCommandExecutor.java:158)
	at org.openqa.selenium.remote.service.DriverCommandExecutor.execute(DriverCommandExecutor.java:83)
	at org.openqa.selenium.remote.RemoteWebDriver.execute(RemoteWebDriver.java:545)
	at org.openqa.selenium.remote.RemoteWebDriver.execute(RemoteWebDriver.java:602)
	at org.openqa.selenium.remote.RemoteWebDriver$RemoteWebDriverOptions$RemoteWindow.maximize(RemoteWebDriver.java:836)
	at config.DriverManager.getDriver(DriverManager.java:33)
	at stepdef.Hooks.openPage(Hooks.java:18)
	at sun.reflect.NativeMethodAccessorImpl.invoke0(Native Method)
	at sun.reflect.NativeMethodAccessorImpl.invoke(NativeMethodAccessorImpl.java:62)
	at sun.reflect.DelegatingMethodAccessorImpl.invoke(DelegatingMethodAccessorImpl.java:43)
	at java.lang.reflect.Method.invoke(Method.java:498)
	at cucumber.runtime.Utils$1.call(Utils.java:40)
	at cucumber.runtime.Timeout.timeout(Timeout.java:16)
	at cucumber.runtime.Utils.invoke(Utils.java:34)
	at cucumber.runtime.java.JavaHookDefinition.execute(JavaHookDefinition.java:60)
	at cucumber.runtime.Runtime.runHookIfTagsMatch(Runtime.java:224)
	at cucumber.runtime.Runtime.runHooks(Runtime.java:212)
	at cucumber.runtime.Runtime.runBeforeHooks(Runtime.java:202)
	at cucumber.runtime.model.CucumberScenario.run(CucumberScenario.java:40)
	at cucumber.runtime.model.CucumberScenarioOutline.run(CucumberScenarioOutline.java:46)
	at cucumber.runtime.model.CucumberFeature.run(CucumberFeature.java:165)
	at cucumber.api.testng.TestNGCucumberRunner.runCucumber(TestNGCucumberRunner.java:63)
	at cucumber.api.testng.AbstractTestNGCucumberTests.feature(AbstractTestNGCucumberTests.java:21)
	at sun.reflect.NativeMethodAccessorImpl.invoke0(Native Method)
	at sun.reflect.NativeMethodAccessorImpl.invoke(NativeMethodAccessorImpl.java:62)
	at sun.reflect.DelegatingMethodAccessorImpl.invoke(DelegatingMethodAccessorImpl.java:43)
	at java.lang.reflect.Method.invoke(Method.java:498)
	at org.testng.internal.MethodInvocationHelper.invokeMethod(MethodInvocationHelper.java:124)
	at org.testng.internal.Invoker.invokeMethod(Invoker.java:583)
	at org.testng.internal.Invoker.invokeTestMethod(Invoker.java:719)
	at org.testng.internal.Invoker.invokeTestMethods(Invoker.java:989)
	at org.testng.internal.TestMethodWorker.invokeTestMethods(TestMethodWorker.java:125)
	at org.testng.internal.TestMethodWorker.run(TestMethodWorker.java:109)
	at org.testng.TestRunner.privateRun(TestRunner.java:648)
	at org.testng.TestRunner.run(TestRunner.java:505)
	at org.testng.SuiteRunner.runTest(SuiteRunner.java:455)
	at org.testng.SuiteRunner.runSequentially(SuiteRunner.java:450)
	at org.testng.SuiteRunner.privateRun(SuiteRunner.java:415)
	at org.testng.SuiteRunner.run(SuiteRunner.java:364)
	at org.testng.SuiteRunnerWorker.runSuite(SuiteRunnerWorker.java:52)
	at org.testng.SuiteRunnerWorker.run(SuiteRunnerWorker.java:84)
	at org.testng.TestNG.runSuitesSequentially(TestNG.java:1208)
	at org.testng.TestNG.runSuitesLocally(TestNG.java:1137)
	at org.testng.TestNG.runSuites(TestNG.java:1049)
	at org.testng.TestNG.run(TestNG.java:1017)
	at org.testng.IDEARemoteTestNG.run(IDEARemoteTestNG.java:72)
	at org.testng.RemoteTestNGStarter.main(RemoteTestNGStarter.java:123)
]]></failure>
</testcase>
<testcase classname="Verification of the search results" name="The search results correspond to the specified parameters: region" time="11.088752">
<system-out><![CDATA[Given The user on AutoRia page..............................................passed
When The user enters the region "Винница" in the search form................passed
And The user clicks on search button........................................passed
Then The user sees that results of search match the specified search parameters region "Винница, Жмеринка, Казатин, Крыжополь, Липовец, Литин, Могилев-Подольский, Мурованые Куриловцы, Немиров, Оратов, Песчанка, Погребище, Теплик, Тывров, Томашполь, Тростянец, Тульчин, Хмельник, Черновцы, Чечельник, Шаргород, Ямполь, Бар, Бершадь, Гайсин, Ильинцы, Калиновка, Гнивань, Ладыжин, Якушинцы".passed
]]></system-out>
</testcase>
<testcase classname="Verification of the search results" name="The search results correspond to the specified parameters: region 2" time="26.783371">
<system-out><![CDATA[Given The user on AutoRia page..............................................passed
When The user enters the region "Тернополь" in the search form..............passed
And The user clicks on search button........................................passed
Then The user sees that results of search match the specified search parameters region "Тернополь, Бережаны, Борщев, Бучач, Гусятин, Залещики, Збараж, Зборов, Козова, Кременец, Монастыриска, Подволочиск, Подгайцы, Теребовля, Чортков, Шумск, Лановцы".passed
]]></system-out>
</testcase>
<testcase classname="Verification of the search results" name="The search results correspond to the specified parameters: region 3" time="24.977136">
<system-out><![CDATA[Given The user on AutoRia page..............................................passed
When The user enters the region "Житомир" in the search form................passed
And The user clicks on search button........................................passed
Then The user sees that results of search match the specified search parameters region "Житомир, Андрушевка, Барановка, Бердичев, Брусилов, Хорошев (Володарск-Волынский), Емильчино, Коростень, Коростышев, Лугины, Любар, Малин, Народичи, Новоград-Волынский, Овруч, Олевск, Попельня, Радомышль, Ружин, Пулины (Червоноармейск), Черняхов, Чуднов, Романов".passed
]]></system-out>
</testcase>
</testsuite>
